-------------------------------------------------------------------------------
Test set: com.vytrack.runners.FailedTestRunner
-------------------------------------------------------------------------------
Tests run: 1, Failures: 1, Errors: 0, Skipped: 0, Time elapsed: 14.467 s <<< FAILURE! - in com.vytrack.runners.FailedTestRunner
Sales manager user(Account types)  Time elapsed: 14.216 s  <<< FAILURE!
java.lang.AssertionError: Actual title: Accounts - Customers

