-------------------------------------------------------------------------------
Test set: com.vytrack.runners.CukesRunner
-------------------------------------------------------------------------------
Tests run: 5, Failures: 1, Errors: 0, Skipped: 0, Time elapsed: 69.616 s <<< FAILURE! - in com.vytrack.runners.CukesRunner
Login as a driver(Users should be able to login)  Time elapsed: 20.48 s  <<< FAILURE!
org.junit.ComparisonFailure: Verify title expected:<[Dashboard]> but was:<[Loading...]>

