-------------------------------------------------------------------------------
Test set: com.vytrack.runners.CukesRunner
-------------------------------------------------------------------------------
Tests run: 3, Failures: 1, Errors: 0, Skipped: 0, Time elapsed: 45.087 s <<< FAILURE! - in com.vytrack.runners.CukesRunner
Sales manager user(Account types)  Time elapsed: 15.051 s  <<< FAILURE!
java.lang.AssertionError: Actual title: Accounts - Customers

